# Number of number of   use generic number of     year 1
#  regions   fisheries  diffusion   tag groups
      1          2            0          0       1960      0    0    0  0  0
# Regions in which fishery is located
  1 
  1 
# Regions Area
  1
# Datasets  Intervals  First  Width  Factor
   60         50     24    1.63265  1 
# Year   Month  Week
  1960   1   1 
# Fishery Catch Effort
   1   123.26   0.11
 2.0 29.0 98.0 124.0 47.0 4.0 2.0 6.0 10.0 86.0 119.0 47.0 13.0 19.0 75.0 111.0 121.0 46.0 34.0 49.0 102.0 94.0 58.0 82.0 121.0 119.0 119.0 102.0 127.0 131.0 131.0 115.0 119.0 124.0 114.0 132.0 126.0 110.0 101.0 76.0 106.0 118.0 114.0 103.0 79.0 69.0 60.0 41.0 41.0 24.0
# Year   Month  Week
  1961   1   1 
# Fishery Catch Effort
   1   135.00   0.11
 9.0 28.0 48.0 29.0 6.0 0.0 2.0 2.0 2.0 44.0 84.0 63.0 25.0 52.0 94.0 121.0 70.0 19.0 13.0 20.0 57.0 109.0 82.0 66.0 51.0 67.0 112.0 106.0 116.0 107.0 169.0 183.0 159.0 159.0 157.0 152.0 148.0 141.0 125.0 130.0 125.0 141.0 104.0 94.0 106.0 86.0 77.0 52.0 50.0 38.0
# Year   Month  Week
  1962   1   1 
# Fishery Catch Effort
   1   132.83   0.10
 1.0 1.0 6.0 4.0 1.0 1.0 5.0 14.0 47.0 34.0 4.0 5.0 5.0 21.0 75.0 95.0 98.0 47.0 56.0 94.0 109.0 44.0 31.0 26.0 53.0 106.0 125.0 137.0 128.0 124.0 134.0 164.0 136.0 163.0 113.0 143.0 139.0 145.0 129.0 149.0 180.0 183.0 177.0 160.0 117.0 96.0 64.0 53.0 37.0 21.0
# Year   Month  Week
  1963   1   1 
# Fishery Catch Effort
   1   148.62   0.11
 46.0 54.0 21.0 1.0 0.0 0.0 0.0 0.0 0.0 0.0 5.0 7.0 2.0 1.0 1.0 27.0 48.0 49.0 28.0 17.0 39.0 76.0 82.0 62.0 90.0 116.0 121.0 109.0 96.0 112.0 143.0 134.0 152.0 143.0 167.0 144.0 149.0 156.0 172.0 197.0 185.0 186.0 180.0 162.0 131.0 124.0 89.0 81.0 57.0 38.0
# Year   Month  Week
  1964   1   1 
# Fishery Catch Effort
   1   143.79   0.09
 12.0 43.0 41.0 26.0 3.0 1.0 0.0 2.0 6.0 27.0 47.0 11.0 1.0 0.0 3.0 2.0 4.0 5.0 15.0 34.0 43.0 26.0 12.0 21.0 35.0 76.0 108.0 109.0 91.0 109.0 152.0 139.0 165.0 155.0 182.0 190.0 202.0 227.0 208.0 236.0 241.0 194.0 146.0 177.0 154.0 103.0 81.0 71.0 42.0 22.0
# Year   Month  Week
  1965   1   1 
# Fishery Catch Effort
   1   151.76   0.06
 4.0 20.0 50.0 27.0 6.0 1.0 3.0 9.0 25.0 49.0 25.0 8.0 4.0 11.0 49.0 37.0 35.0 14.0 4.0 2.0 2.0 6.0 6.0 8.0 19.0 37.0 57.0 56.0 97.0 136.0 143.0 153.0 138.0 115.0 115.0 133.0 186.0 235.0 280.0 275.0 280.0 219.0 202.0 188.0 134.0 113.0 97.0 74.0 59.0 54.0
# Year   Month  Week
  1966   1   1 
# Fishery Catch Effort
   1   149.48   0.10
 0.0 4.0 31.0 53.0 29.0 3.0 1.0 3.0 19.0 31.0 43.0 16.0 20.0 37.0 61.0 52.0 11.0 4.0 3.0 17.0 29.0 30.0 24.0 19.0 14.0 30.0 39.0 45.0 41.0 25.0 20.0 53.0 103.0 167.0 190.0 225.0 230.0 223.0 238.0 234.0 239.0 217.0 184.0 200.0 154.0 181.0 143.0 101.0 89.0 75.0
# Year   Month  Week
  1967   1   1 
# Fishery Catch Effort
   1   140.29   0.09
 5.0 27.0 54.0 31.0 7.0 1.0 3.0 35.0 46.0 15.0 3.0 1.0 0.0 2.0 4.0 18.0 33.0 44.0 33.0 18.0 39.0 37.0 34.0 9.0 16.0 36.0 45.0 71.0 41.0 24.0 35.0 31.0 56.0 102.0 117.0 159.0 182.0 262.0 266.0 260.0 258.0 266.0 221.0 239.0 226.0 185.0 169.0 125.0 74.0 35.0
# Year   Month  Week
  1968   1   1 
# Fishery Catch Effort
   1   143.16   0.07
 2.0 7.0 53.0 47.0 14.0 1.0 1.0 2.0 5.0 25.0 42.0 19.0 5.0 21.0 42.0 56.0 25.0 11.0 4.0 6.0 23.0 46.0 38.0 39.0 43.0 49.0 42.0 26.0 19.0 42.0 46.0 54.0 30.0 43.0 65.0 88.0 121.0 171.0 247.0 227.0 283.0 309.0 298.0 277.0 263.0 229.0 201.0 149.0 83.0 61.0
# Year   Month  Week
  1969   1   1 
# Fishery Catch Effort
   1   136.08   0.08
 21.0 58.0 48.0 7.0 2.0 2.0 0.0 4.0 19.0 35.0 37.0 10.0 4.0 10.0 31.0 53.0 46.0 16.0 15.0 33.0 37.0 47.0 62.0 55.0 71.0 55.0 26.0 24.0 29.0 67.0 90.0 83.0 70.0 67.0 68.0 63.0 97.0 107.0 156.0 168.0 208.0 208.0 266.0 258.0 308.0 263.0 225.0 174.0 109.0 88.0
# Year   Month  Week
  1970   1   1 
# Fishery Catch Effort
   1   235.99   0.18
 0.0 14.0 41.0 75.0 35.0 3.0 1.0 0.0 3.0 30.0 66.0 30.0 5.0 8.0 26.0 48.0 64.0 51.0 42.0 54.0 50.0 30.0 25.0 36.0 51.0 64.0 62.0 41.0 31.0 45.0 66.0 102.0 89.0 72.0 66.0 62.0 95.0 119.0 145.0 160.0 146.0 189.0 240.0 244.0 230.0 190.0 221.0 217.0 195.0 121.0
# Year   Month  Week
  1971   1   1 
# Fishery Catch Effort
   1   196.69   0.15
 104.0 46.0 8.0 1.0 1.0 0.0 0.0 2.0 9.0 30.0 56.0 17.0 6.0 10.0 42.0 74.0 77.0 31.0 37.0 55.0 60.0 46.0 56.0 62.0 70.0 55.0 33.0 25.0 43.0 57.0 92.0 126.0 109.0 79.0 121.0 110.0 111.0 102.0 112.0 114.0 132.0 163.0 214.0 239.0 275.0 234.0 223.0 161.0 113.0 57.0
# Year   Month  Week
  1972   1   1 
# Fishery Catch Effort
   1   185.33   0.17
 7.0 11.0 2.0 3.0 0.0 0.0 1.0 11.0 43.0 57.0 23.0 5.0 3.0 29.0 61.0 72.0 69.0 25.0 17.0 36.0 60.0 70.0 47.0 78.0 71.0 74.0 42.0 25.0 29.0 61.0 90.0 83.0 67.0 93.0 126.0 155.0 143.0 187.0 186.0 191.0 164.0 153.0 156.0 167.0 168.0 204.0 198.0 169.0 138.0 130.0
# Year   Month  Week
  1973   1   1 
# Fishery Catch Effort
   1   186.25   0.17
 24.0 66.0 69.0 18.0 2.0 0.0 1.0 1.0 2.0 10.0 1.0 3.0 8.0 22.0 61.0 83.0 65.0 25.0 3.0 5.0 46.0 67.0 49.0 36.0 32.0 55.0 82.0 86.0 71.0 65.0 91.0 134.0 149.0 139.0 113.0 153.0 128.0 162.0 167.0 190.0 181.0 163.0 164.0 138.0 160.0 173.0 168.0 147.0 129.0 93.0
# Year   Month  Week
  1974   1   1 
# Fishery Catch Effort
   1   170.49   0.12
 0.0 13.0 57.0 90.0 27.0 2.0 1.0 0.0 5.0 35.0 69.0 61.0 15.0 6.0 6.0 7.0 8.0 1.0 0.0 5.0 13.0 42.0 73.0 71.0 66.0 105.0 104.0 96.0 141.0 93.0 118.0 123.0 102.0 94.0 99.0 120.0 167.0 163.0 201.0 168.0 157.0 182.0 195.0 190.0 183.0 179.0 140.0 114.0 60.0 33.0
# Year   Month  Week
  1975   1   1 
# Fishery Catch Effort
   1   158.96   0.17
 4.0 8.0 54.0 79.0 35.0 6.0 2.0 2.0 27.0 74.0 53.0 15.0 5.0 11.0 26.0 65.0 92.0 49.0 27.0 13.0 5.0 8.0 8.0 9.0 20.0 63.0 98.0 119.0 100.0 116.0 87.0 86.0 101.0 117.0 165.0 141.0 135.0 112.0 137.0 186.0 186.0 188.0 215.0 160.0 158.0 153.0 144.0 144.0 110.0 82.0
# Year   Month  Week
  1976   1   1 
# Fishery Catch Effort
   1   151.17   0.16
 1.0 1.0 10.0 47.0 71.0 37.0 3.0 1.0 11.0 39.0 82.0 51.0 25.0 35.0 74.0 100.0 57.0 38.0 51.0 76.0 57.0 31.0 6.0 5.0 7.0 26.0 30.0 66.0 85.0 80.0 53.0 55.0 104.0 138.0 154.0 164.0 159.0 174.0 182.0 204.0 211.0 199.0 145.0 152.0 168.0 138.0 134.0 115.0 94.0 54.0
# Year   Month  Week
  1977   1   1 
# Fishery Catch Effort
   1   153.39   0.19
 1.0 21.0 74.0 45.0 13.0 3.0 1.0 2.0 12.0 46.0 47.0 20.0 8.0 37.0 89.0 91.0 48.0 16.0 10.0 29.0 50.0 81.0 52.0 35.0 32.0 64.0 96.0 108.0 66.0 41.0 38.0 63.0 91.0 134.0 111.0 131.0 133.0 134.0 158.0 171.0 194.0 218.0 200.0 237.0 199.0 156.0 141.0 105.0 83.0 65.0
# Year   Month  Week
  1978   1   1 
# Fishery Catch Effort
   1   144.67   0.19
 3.0 8.0 48.0 71.0 29.0 6.0 2.0 24.0 61.0 60.0 9.0 0.0 5.0 17.0 39.0 88.0 54.0 28.0 15.0 33.0 89.0 85.0 73.0 87.0 87.0 117.0 95.0 113.0 75.0 62.0 44.0 44.0 53.0 102.0 106.0 116.0 129.0 145.0 154.0 189.0 200.0 204.0 239.0 194.0 170.0 146.0 110.0 76.0 51.0 45.0
# Year   Month  Week
  1979   1   1 
# Fishery Catch Effort
   1   147.71   0.16
 11.0 39.0 79.0 37.0 8.0 0.0 1.0 0.0 7.0 44.0 60.0 25.0 7.0 1.0 5.0 27.0 69.0 78.0 81.0 66.0 58.0 27.0 33.0 45.0 71.0 118.0 118.0 75.0 80.0 70.0 103.0 119.0 99.0 121.0 113.0 100.0 133.0 123.0 170.0 213.0 189.0 183.0 183.0 169.0 183.0 135.0 121.0 102.0 55.0 46.0
# Year   Month  Week
  1980   1   1 
# Fishery Catch Effort
   1   133.83   0.18
 2.0 7.0 59.0 85.0 35.0 3.0 1.0 0.0 3.0 42.0 70.0 39.0 8.0 5.0 21.0 49.0 77.0 75.0 26.0 31.0 59.0 54.0 32.0 18.0 21.0 75.0 83.0 103.0 105.0 146.0 124.0 125.0 114.0 118.0 102.0 94.0 102.0 102.0 116.0 118.0 139.0 157.0 206.0 222.0 208.0 204.0 146.0 127.0 88.0 54.0
# Year   Month  Week
  1980   1   1 
# Fishery Catch Effort
   2   146.49   0.12
 1.0 2.0 2.0 22.0 86.0 247.0 138.0 80.0 265.0 410.0 211.0 30.0 14.0 29.0 107.0 251.0 337.0 191.0 79.0 107.0 204.0 262.0 216.0 104.0 69.0 102.0 95.0 81.0 45.0 35.0 38.0 56.0 43.0 24.0 8.0 5.0 3.0 0.0 0.0 0.0 1.0 0.0 0.0 0.0 0.0 0.0 0.0 0.0 0.0 0.0
# Year   Month  Week
  1981   1   1 
# Fishery Catch Effort
   1   128.44   0.20
 12.0 39.0 76.0 38.0 7.0 0.0 2.0 0.0 0.0 8.0 45.0 59.0 43.0 5.0 11.0 31.0 80.0 72.0 79.0 59.0 52.0 31.0 17.0 10.0 45.0 69.0 111.0 118.0 106.0 92.0 81.0 114.0 117.0 138.0 143.0 143.0 171.0 169.0 185.0 174.0 146.0 147.0 143.0 158.0 165.0 132.0 127.0 94.0 80.0 56.0
# Year   Month  Week
  1981   1   1 
# Fishery Catch Effort
   2   134.62   0.11
 6.0 58.0 171.0 237.0 78.0 11.0 6.0 26.0 190.0 428.0 292.0 70.0 9.0 14.0 68.0 209.0 273.0 271.0 130.0 152.0 222.0 246.0 156.0 83.0 55.0 99.0 122.0 104.0 65.0 46.0 31.0 23.0 24.0 7.0 16.0 2.0 0.0 0.0 0.0 0.0 0.0 0.0 0.0 0.0 0.0 0.0 0.0 0.0 0.0 0.0
# Year   Month  Week
  1982   1   1 
# Fishery Catch Effort
   1   103.75   0.13
 1.0 5.0 8.0 8.0 1.0 0.0 0.0 1.0 6.0 17.0 66.0 51.0 17.0 7.0 32.0 55.0 73.0 44.0 26.0 31.0 62.0 59.0 30.0 21.0 18.0 45.0 76.0 95.0 105.0 88.0 97.0 97.0 118.0 142.0 149.0 178.0 209.0 187.0 187.0 201.0 170.0 197.0 168.0 158.0 141.0 153.0 134.0 107.0 92.0 67.0
# Year   Month  Week
  1982   1   1 
# Fishery Catch Effort
   2   108.88   0.06
 49.0 28.0 9.0 1.0 3.0 6.0 33.0 211.0 525.0 346.0 92.0 12.0 10.0 10.0 16.0 57.0 185.0 376.0 444.0 421.0 331.0 176.0 57.0 51.0 78.0 123.0 114.0 53.0 32.0 30.0 37.0 38.0 24.0 13.0 6.0 2.0 1.0 0.0 0.0 0.0 0.0 0.0 0.0 0.0 0.0 0.0 0.0 0.0 0.0 0.0
# Year   Month  Week
  1983   1   1 
# Fishery Catch Effort
   1   117.38   0.22
 7.0 58.0 84.0 42.0 17.0 1.0 0.0 1.0 5.0 11.0 12.0 1.0 10.0 30.0 67.0 86.0 47.0 20.0 5.0 11.0 30.0 49.0 80.0 71.0 54.0 69.0 74.0 55.0 40.0 58.0 60.0 57.0 53.0 74.0 142.0 161.0 194.0 196.0 235.0 208.0 228.0 213.0 203.0 182.0 152.0 136.0 109.0 102.0 119.0 81.0
# Year   Month  Week
  1983   1   1 
# Fishery Catch Effort
   2   91.76   0.11
 251.0 347.0 150.0 17.0 5.0 4.0 4.0 8.0 59.0 91.0 26.0 7.0 10.0 77.0 243.0 418.0 342.0 213.0 137.0 245.0 337.0 247.0 91.0 29.0 25.0 61.0 95.0 146.0 95.0 69.0 52.0 27.0 35.0 17.0 9.0 6.0 0.0 2.0 1.0 0.0 1.0 0.0 0.0 0.0 0.0 1.0 0.0 0.0 0.0 0.0
# Year   Month  Week
  1984   1   1 
# Fishery Catch Effort
   1   100.43   0.22
 59.0 100.0 56.0 19.0 1.0 1.0 6.0 39.0 79.0 47.0 5.0 0.0 0.0 2.0 11.0 12.0 13.0 8.0 5.0 29.0 56.0 62.0 35.0 41.0 57.0 75.0 72.0 54.0 74.0 56.0 61.0 73.0 70.0 105.0 130.0 161.0 154.0 182.0 190.0 240.0 218.0 220.0 202.0 200.0 166.0 160.0 138.0 94.0 87.0 75.0
# Year   Month  Week
  1984   1   1 
# Fishery Catch Effort
   2   103.38   0.12
 36.0 210.0 312.0 192.0 28.0 6.0 28.0 161.0 511.0 501.0 135.0 12.0 4.0 5.0 6.0 14.0 53.0 61.0 78.0 176.0 331.0 301.0 202.0 108.0 124.0 104.0 93.0 32.0 35.0 40.0 38.0 26.0 20.0 9.0 1.0 4.0 2.0 1.0 0.0 0.0 0.0 0.0 0.0 0.0 0.0 0.0 0.0 0.0 0.0 0.0
# Year   Month  Week
  1985   1   1 
# Fishery Catch Effort
   1   108.93   0.25
 0.0 0.0 3.0 41.0 89.0 73.0 24.0 4.0 4.0 13.0 56.0 75.0 34.0 16.0 28.0 69.0 74.0 58.0 19.0 8.0 3.0 7.0 19.0 17.0 33.0 74.0 94.0 104.0 90.0 85.0 76.0 63.0 86.0 88.0 128.0 128.0 150.0 183.0 162.0 166.0 171.0 165.0 215.0 200.0 196.0 186.0 162.0 117.0 79.0 65.0
# Year   Month  Week
  1985   1   1 
# Fishery Catch Effort
   2   102.00   0.11
 119.0 295.0 264.0 61.0 8.0 2.0 3.0 2.0 16.0 93.0 417.0 532.0 211.0 30.0 23.0 83.0 252.0 379.0 321.0 140.0 67.0 66.0 53.0 94.0 123.0 103.0 81.0 46.0 32.0 27.0 15.0 7.0 8.0 11.0 12.0 3.0 0.0 1.0 0.0 0.0 0.0 0.0 0.0 0.0 0.0 0.0 0.0 0.0 0.0 0.0
# Year   Month  Week
  1986   1   1 
# Fishery Catch Effort
   1   97.28   0.25
 5.0 30.0 104.0 96.0 33.0 5.0 3.0 6.0 31.0 77.0 57.0 13.0 11.0 41.0 86.0 91.0 52.0 41.0 45.0 72.0 62.0 27.0 4.0 5.0 10.0 13.0 16.0 15.0 35.0 62.0 97.0 119.0 126.0 94.0 105.0 122.0 105.0 143.0 132.0 166.0 156.0 201.0 211.0 217.0 191.0 195.0 150.0 124.0 105.0 93.0
# Year   Month  Week
  1986   1   1 
# Fishery Catch Effort
   2   118.79   0.12
 3.0 65.0 186.0 277.0 95.0 16.0 2.0 8.0 13.0 96.0 355.0 473.0 206.0 84.0 197.0 316.0 301.0 157.0 52.0 33.0 104.0 196.0 290.0 192.0 70.0 29.0 14.0 15.0 27.0 19.0 29.0 23.0 17.0 8.0 14.0 7.0 6.0 3.0 1.0 0.0 1.0 0.0 0.0 0.0 0.0 0.0 0.0 0.0 0.0 0.0
# Year   Month  Week
  1987   1   1 
# Fishery Catch Effort
   1   80.00   0.20
 1.0 12.0 54.0 136.0 69.0 15.0 4.0 4.0 27.0 103.0 62.0 19.0 2.0 6.0 23.0 46.0 114.0 85.0 46.0 14.0 27.0 58.0 129.0 121.0 94.0 75.0 61.0 35.0 19.0 22.0 23.0 56.0 92.0 113.0 134.0 138.0 137.0 162.0 134.0 136.0 147.0 139.0 156.0 163.0 161.0 181.0 151.0 127.0 101.0 66.0
# Year   Month  Week
  1987   1   1 
# Fishery Catch Effort
   2   128.45   0.12
 7.0 79.0 215.0 202.0 79.0 8.0 3.0 5.0 9.0 62.0 270.0 447.0 234.0 50.0 14.0 58.0 177.0 312.0 332.0 249.0 268.0 292.0 156.0 68.0 90.0 99.0 86.0 51.0 24.0 9.0 5.0 5.0 7.0 7.0 12.0 6.0 1.0 2.0 0.0 0.0 0.0 0.0 0.0 0.0 0.0 0.0 0.0 0.0 0.0 0.0
# Year   Month  Week
  1988   1   1 
# Fishery Catch Effort
   1   85.93   0.23
 3.0 18.0 21.0 6.0 2.0 0.0 1.0 0.0 4.0 43.0 93.0 78.0 18.0 32.0 67.0 125.0 87.0 45.0 27.0 54.0 71.0 65.0 38.0 16.0 47.0 103.0 108.0 124.0 103.0 93.0 86.0 74.0 90.0 82.0 75.0 120.0 111.0 105.0 121.0 157.0 179.0 182.0 192.0 188.0 200.0 135.0 160.0 115.0 81.0 55.0
# Year   Month  Week
  1988   1   1 
# Fishery Catch Effort
   2   108.80   0.15
 0.0 0.0 5.0 25.0 45.0 21.0 7.0 2.0 28.0 186.0 529.0 421.0 125.0 147.0 284.0 380.0 257.0 112.0 96.0 236.0 296.0 190.0 88.0 38.0 68.0 96.0 118.0 71.0 68.0 32.0 14.0 7.0 2.0 4.0 0.0 1.0 0.0 1.0 0.0 0.0 0.0 0.0 0.0 0.0 0.0 0.0 0.0 0.0 0.0 0.0
# Year   Month  Week
  1989   1   1 
# Fishery Catch Effort
   1   74.30   0.24
 0.0 0.0 1.0 8.0 21.0 13.0 8.0 3.0 6.0 19.0 10.0 6.0 7.0 14.0 45.0 105.0 122.0 75.0 24.0 37.0 90.0 89.0 65.0 69.0 82.0 132.0 125.0 119.0 106.0 117.0 84.0 92.0 102.0 77.0 90.0 75.0 102.0 146.0 145.0 170.0 179.0 177.0 182.0 159.0 140.0 140.0 124.0 125.0 111.0 62.0
# Year   Month  Week
  1989   1   1 
# Fishery Catch Effort
   2   83.22   0.14
 15.0 55.0 52.0 12.0 1.0 2.0 1.0 4.0 28.0 81.0 83.0 39.0 12.0 21.0 110.0 304.0 491.0 394.0 233.0 208.0 377.0 413.0 256.0 163.0 144.0 134.0 103.0 49.0 50.0 47.0 49.0 30.0 20.0 14.0 3.0 0.0 2.0 0.0 0.0 0.0 0.0 0.0 0.0 0.0 0.0 0.0 0.0 0.0 0.0 0.0
# Year   Month  Week
  1990   1   1 
# Fishery Catch Effort
   1   104.77   0.24
 4.0 24.0 97.0 145.0 64.0 4.0 0.0 1.0 4.0 13.0 15.0 0.0 1.0 3.0 15.0 21.0 15.0 9.0 5.0 13.0 23.0 62.0 100.0 88.0 86.0 123.0 120.0 92.0 65.0 69.0 101.0 136.0 180.0 138.0 163.0 182.0 133.0 133.0 153.0 133.0 168.0 167.0 171.0 159.0 141.0 129.0 125.0 101.0 75.0 31.0
# Year   Month  Week
  1990   1   1 
# Fishery Catch Effort
   2   76.08   0.14
 33.0 194.0 401.0 336.0 81.0 8.0 9.0 31.0 113.0 89.0 23.0 5.0 17.0 38.0 87.0 75.0 21.0 28.0 47.0 198.0 418.0 491.0 306.0 145.0 137.0 179.0 149.0 94.0 76.0 50.0 37.0 33.0 22.0 12.0 9.0 6.0 1.0 0.0 0.0 0.0 0.0 1.0 0.0 0.0 0.0 0.0 0.0 0.0 0.0 0.0
# Year   Month  Week
  1991   1   1 
# Fishery Catch Effort
   1   94.81   0.34
 3.0 13.0 73.0 117.0 56.0 11.0 3.0 1.0 4.0 42.0 128.0 90.0 27.0 1.0 8.0 13.0 11.0 15.0 9.0 13.0 15.0 9.0 21.0 40.0 109.0 129.0 92.0 85.0 76.0 98.0 94.0 146.0 141.0 128.0 192.0 201.0 155.0 169.0 143.0 151.0 152.0 134.0 143.0 137.0 133.0 153.0 124.0 78.0 79.0 35.0
# Year   Month  Week
  1991   1   1 
# Fishery Catch Effort
   2   65.88   0.11
 5.0 55.0 210.0 321.0 160.0 28.0 7.0 7.0 7.0 20.0 131.0 523.0 755.0 336.0 68.0 59.0 99.0 65.0 32.0 12.0 18.0 32.0 75.0 74.0 91.0 134.0 177.0 183.0 118.0 94.0 37.0 22.0 21.0 15.0 6.0 2.0 1.0 0.0 0.0 0.0 0.0 0.0 0.0 0.0 0.0 0.0 0.0 0.0 0.0 0.0
# Year   Month  Week
  1992   1   1 
# Fishery Catch Effort
   1   94.96   0.21
 2.0 3.0 50.0 122.0 85.0 20.0 5.0 2.0 7.0 48.0 79.0 55.0 9.0 3.0 6.0 15.0 67.0 143.0 143.0 68.0 39.0 31.0 8.0 6.0 13.0 43.0 55.0 64.0 119.0 93.0 43.0 54.0 61.0 116.0 139.0 170.0 191.0 201.0 197.0 202.0 199.0 169.0 169.0 154.0 116.0 122.0 105.0 83.0 56.0 50.0
# Year   Month  Week
  1992   1   1 
# Fishery Catch Effort
   2   81.85   0.09
 5.0 45.0 205.0 296.0 133.0 14.0 10.0 19.0 141.0 432.0 453.0 161.0 38.0 36.0 165.0 375.0 464.0 361.0 140.0 61.0 62.0 58.0 27.0 9.0 8.0 16.0 21.0 16.0 23.0 30.0 39.0 43.0 31.0 28.0 25.0 7.0 0.0 0.0 0.0 0.0 1.0 0.0 0.0 1.0 0.0 1.0 0.0 0.0 0.0 0.0
# Year   Month  Week
  1993   1   1 
# Fishery Catch Effort
   1   87.02   0.32
 7.0 54.0 107.0 104.0 16.0 3.0 9.0 58.0 93.0 57.0 8.0 0.0 3.0 4.0 14.0 55.0 119.0 95.0 59.0 70.0 103.0 93.0 59.0 37.0 28.0 16.0 9.0 11.0 13.0 29.0 37.0 63.0 127.0 144.0 192.0 168.0 181.0 179.0 183.0 193.0 203.0 176.0 163.0 167.0 141.0 110.0 95.0 72.0 38.0 35.0
# Year   Month  Week
  1993   1   1 
# Fishery Catch Effort
   2   94.11   0.07
 13.0 81.0 237.0 194.0 51.0 12.0 15.0 104.0 354.0 418.0 150.0 25.0 15.0 66.0 217.0 335.0 261.0 100.0 27.0 15.0 69.0 206.0 351.0 333.0 196.0 62.0 22.0 9.0 5.0 8.0 4.0 5.0 7.0 10.0 10.0 6.0 5.0 1.0 1.0 0.0 0.0 0.0 0.0 0.0 0.0 0.0 0.0 0.0 0.0 0.0
# Year   Month  Week
  1994   1   1 
# Fishery Catch Effort
   1   86.46   0.30
 14.0 57.0 111.0 83.0 17.0 4.0 1.0 0.0 6.0 46.0 90.0 72.0 24.0 22.0 60.0 113.0 116.0 25.0 14.0 30.0 83.0 98.0 46.0 18.0 8.0 26.0 56.0 104.0 143.0 119.0 96.0 67.0 48.0 63.0 103.0 135.0 123.0 143.0 170.0 217.0 207.0 200.0 180.0 170.0 153.0 107.0 81.0 80.0 38.0 13.0
# Year   Month  Week
  1994   1   1 
# Fishery Catch Effort
   2   81.02   0.10
 2.0 35.0 151.0 256.0 119.0 18.0 9.0 39.0 243.0 430.0 282.0 81.0 17.0 55.0 136.0 297.0 347.0 303.0 251.0 242.0 121.0 27.0 12.0 10.0 29.0 74.0 113.0 129.0 97.0 29.0 29.0 7.0 2.0 4.0 1.0 2.0 1.0 0.0 0.0 0.0 0.0 0.0 0.0 0.0 0.0 0.0 0.0 0.0 0.0 0.0
# Year   Month  Week
  1995   1   1 
# Fishery Catch Effort
   1   83.04   0.24
 11.0 70.0 123.0 84.0 14.0 3.0 4.0 12.0 70.0 106.0 61.0 16.0 5.0 28.0 79.0 111.0 108.0 69.0 20.0 25.0 43.0 83.0 90.0 36.0 22.0 65.0 94.0 128.0 154.0 128.0 126.0 75.0 66.0 55.0 50.0 71.0 104.0 113.0 153.0 175.0 180.0 176.0 165.0 139.0 138.0 105.0 98.0 65.0 48.0 36.0
# Year   Month  Week
  1995   1   1 
# Fishery Catch Effort
   2   89.44   0.09
 10.0 116.0 259.0 167.0 39.0 10.0 7.0 42.0 225.0 455.0 255.0 56.0 9.0 9.0 45.0 149.0 297.0 307.0 174.0 76.0 112.0 257.0 255.0 176.0 119.0 107.0 85.0 42.0 21.0 20.0 20.0 39.0 20.0 7.0 8.0 2.0 1.0 0.0 1.0 1.0 0.0 0.0 0.0 0.0 0.0 0.0 0.0 0.0 0.0 0.0
# Year   Month  Week
  1996   1   1 
# Fishery Catch Effort
   1   82.96   0.31
 15.0 68.0 135.0 87.0 15.0 4.0 4.0 3.0 10.0 70.0 109.0 68.0 8.0 27.0 71.0 136.0 79.0 54.0 46.0 85.0 82.0 65.0 20.0 18.0 27.0 77.0 105.0 137.0 153.0 147.0 150.0 105.0 92.0 113.0 87.0 48.0 64.0 65.0 84.0 139.0 143.0 160.0 188.0 144.0 136.0 98.0 92.0 66.0 54.0 47.0
# Year   Month  Week
  1996   1   1 
# Fishery Catch Effort
   2   85.14   0.09
 10.0 61.0 200.0 195.0 80.0 11.0 2.0 5.0 21.0 181.0 429.0 312.0 99.0 20.0 60.0 208.0 375.0 374.0 366.0 274.0 148.0 56.0 49.0 72.0 82.0 88.0 49.0 21.0 15.0 18.0 33.0 26.0 28.0 12.0 10.0 5.0 3.0 0.0 0.0 1.0 0.0 0.0 0.0 0.0 1.0 0.0 0.0 0.0 0.0 0.0
# Year   Month  Week
  1997   1   1 
# Fishery Catch Effort
   1   66.80   0.36
 107.0 140.0 121.0 23.0 2.0 2.0 11.0 38.0 121.0 84.0 15.0 2.0 7.0 37.0 84.0 117.0 88.0 42.0 16.0 19.0 53.0 94.0 94.0 41.0 31.0 84.0 141.0 163.0 138.0 93.0 72.0 60.0 56.0 90.0 132.0 151.0 153.0 131.0 86.0 95.0 94.0 91.0 114.0 118.0 108.0 130.0 113.0 84.0 61.0 53.0
# Year   Month  Week
  1997   1   1 
# Fishery Catch Effort
   2   89.62   0.11
 4.0 36.0 142.0 238.0 155.0 28.0 8.0 7.0 38.0 236.0 446.0 264.0 52.0 27.0 85.0 241.0 338.0 309.0 247.0 259.0 234.0 102.0 38.0 42.0 54.0 91.0 73.0 63.0 49.0 30.0 25.0 10.0 10.0 4.0 9.0 5.0 0.0 1.0 0.0 0.0 0.0 0.0 0.0 0.0 0.0 0.0 0.0 0.0 0.0 0.0
# Year   Month  Week
  1998   1   1 
# Fishery Catch Effort
   1   73.56   0.40
 4.0 6.0 25.0 29.0 9.0 2.0 2.0 6.0 48.0 117.0 77.0 16.0 3.0 9.0 34.0 93.0 143.0 116.0 49.0 18.0 52.0 66.0 95.0 95.0 52.0 85.0 129.0 139.0 140.0 105.0 103.0 91.0 113.0 112.0 133.0 164.0 180.0 166.0 164.0 165.0 130.0 118.0 98.0 85.0 81.0 82.0 81.0 74.0 61.0 35.0
# Year   Month  Week
  1998   1   1 
# Fishery Catch Effort
   2   79.51   0.09
 2.0 20.0 50.0 36.0 12.0 0.0 5.0 3.0 9.0 68.0 308.0 561.0 312.0 153.0 278.0 372.0 275.0 105.0 153.0 255.0 271.0 154.0 61.0 52.0 85.0 100.0 89.0 60.0 39.0 30.0 29.0 20.0 12.0 7.0 9.0 1.0 2.0 1.0 0.0 0.0 0.0 1.0 0.0 0.0 0.0 0.0 0.0 0.0 0.0 0.0
# Year   Month  Week
  1999   1   1 
# Fishery Catch Effort
   1   75.12   0.25
 0.0 7.0 27.0 99.0 148.0 49.0 11.0 10.0 18.0 19.0 25.0 28.0 94.0 136.0 100.0 43.0 19.0 15.0 66.0 91.0 71.0 54.0 66.0 90.0 94.0 104.0 63.0 68.0 83.0 116.0 88.0 93.0 102.0 116.0 105.0 133.0 177.0 225.0 223.0 202.0 152.0 112.0 92.0 59.0 65.0 50.0 64.0 61.0 41.0 26.0
# Year   Month  Week
  1999   1   1 
# Fishery Catch Effort
   2   66.05   0.09
 5.0 17.0 134.0 314.0 224.0 62.0 10.0 17.0 90.0 111.0 53.0 16.0 11.0 42.0 185.0 383.0 398.0 206.0 84.0 128.0 250.0 330.0 241.0 130.0 110.0 129.0 89.0 59.0 29.0 30.0 47.0 27.0 10.0 13.0 7.0 7.0 1.0 1.0 0.0 0.0 0.0 0.0 0.0 0.0 0.0 0.0 0.0 0.0 0.0 0.0
