201
 1.30368e-08 -6.53867e-10 -1.02295e-08 -1.13855e-08 -1.3829e-08 2.17871e-09 2.62818e-09 -6.21418e-10 -8.84796e-09 -5.27611e-09 -9.36945e-09 -9.30098e-09 -4.98957e-09 7.75384e-09 1.29981e-08 8.29257e-10 -1.15869e-08 -1.45853e-08 -4.91649e-09 1.1547e-08 1.14092e-08 -1.6105e-09 -3.74265e-09 -6.94393e-09 -4.02919e-09 -2.44135e-09 8.73962e-09 5.26032e-09 1.92058e-09 -1.62084e-08 -8.62433e-09 -2.94238e-09 -3.80635e-10 1.18192e-08 1.59187e-08 5.23927e-09 -8.06334e-09 -3.08812e-09 8.94065e-09 1.56678e-08 -3.16532e-08 -2.22918e-08 -1.48717e-08 -1.0619e-08 -1.59471e-08 -2.45027e-08 -3.4761e-08 -3.39557e-08 -1.15952e-08 7.02749e-09 3.00901e-09 -1.10114e-09 -1.86472e-08 -1.96603e-08 -1.55818e-08 -7.88328e-09 -4.3435e-09 -2.67864e-08 -3.83864e-08 -2.52771e-08 -3.26539e-08 -4.0135e-07 9.22761e-08 1.06688e-07 -1.07449e-07 -8.84749e-08 -7.77086e-08 -3.91174e-08 1.27607e-07 -9.22111e-08 3.59987e-08 9.27236e-09 3.28703e-08 -3.25063e-08 -1.31165e-08 -4.80446e-08 4.64467e-08 4.17797e-08 4.83597e-09 -2.95399e-08 -3.72222e-08 3.2995e-09 3.54388e-08 2.66141e-08 8.73756e-08 1.06054e-07 2.3739e-08 3.41994e-09 -1.94624e-07 -9.59975e-08 7.98149e-08 8.52163e-08 4.06175e-09 -8.49645e-09 3.64927e-08 -1.5642e-08 -1.26562e-07 -3.57406e-08 3.80326e-08 1.60744e-07 6.81064e-08 -1.06213e-07 -1.84651e-07 -3.94707e-09 1.11342e-07 8.48394e-08 6.06185e-08 -7.67523e-08 -1.65255e-07 -5.86578e-08 1.18498e-07 8.31862e-08 7.80709e-08 -3.41164e-08 -2.68734e-08 -1.44805e-07 -7.56304e-08 2.27926e-08 1.53454e-07 1.41821e-07 -8.4506e-08 -1.24734e-07 -8.48886e-08 -2.47724e-07 -3.4796e-07 -5.71691e-08 1.90524e-07 1.93679e-07 1.1271e-07 -1.07829e-07 -1.9615e-07 -2.746e-07 4.91605e-09 2.03185e-07 1.48346e-07 -3.13549e-08 -7.19664e-08 -1.27e-07 -8.40184e-08 8.86632e-09 6.86594e-08 1.79539e-08 4.57292e-09 1.95247e-08 1.44106e-08 1.86533e-08 2.45227e-08 2.78849e-08 2.71885e-08 2.60059e-08 1.85292e-08 1.3988e-08 5.51278e-09 1.03765e-08 1.00006e-08 8.07841e-09 -4.3981e-09 1.37407e-08 1.49338e-08 -2.19751e-08 -1.27136e-08 -2.34401e-08 -2.49743e-08 -7.42871e-08 -1.2446e-08 -5.37441e-08 -5.22202e-08 -3.67755e-08 -3.92947e-08 -4.00053e-08 1.65152e-08 3.08099e-08 2.66442e-08 2.07434e-08 6.83163e-09 -2.5801e-08 -6.93603e-08 -9.99381e-08 -3.7374e-08 -1.90764e-08 -6.80985e-09 1.6333e-08 1.15508e-08 8.58481e-09 1.38264e-08 1.25104e-08 9.94871e-09 1.26646e-08 1.29977e-08 1.75984e-08 2.89547e-09 8.08321e-10 1.86067e-08 6.27907e-08 1.04908e-07 -1.3755e-07 1.34933e-08 1.92432e-08 2.13909e-08 -3.67884e-09 -2.78015e-09

         1  1.30368e-08
         2 -6.53867e-10
         3 -1.02295e-08
         4 -1.13855e-08
         5  -1.3829e-08
         6  2.17871e-09
         7  2.62818e-09
         8 -6.21418e-10
         9 -8.84796e-09
        10 -5.27611e-09
        11 -9.36945e-09
        12 -9.30098e-09
        13 -4.98957e-09
        14  7.75384e-09
        15  1.29981e-08
        16  8.29257e-10
        17 -1.15869e-08
        18 -1.45853e-08
        19 -4.91649e-09
        20   1.1547e-08
        21  1.14092e-08
        22  -1.6105e-09
        23 -3.74265e-09
        24 -6.94393e-09
        25 -4.02919e-09
        26 -2.44135e-09
        27  8.73962e-09
        28  5.26032e-09
        29  1.92058e-09
        30 -1.62084e-08
        31 -8.62433e-09
        32 -2.94238e-09
        33 -3.80635e-10
        34  1.18192e-08
        35  1.59187e-08
        36  5.23927e-09
        37 -8.06334e-09
        38 -3.08812e-09
        39  8.94065e-09
        40  1.56678e-08
        41 -3.16532e-08
        42 -2.22918e-08
        43 -1.48717e-08
        44  -1.0619e-08
        45 -1.59471e-08
        46 -2.45027e-08
        47  -3.4761e-08
        48 -3.39557e-08
        49 -1.15952e-08
        50  7.02749e-09
        51  3.00901e-09
        52 -1.10114e-09
        53 -1.86472e-08
        54 -1.96603e-08
        55 -1.55818e-08
        56 -7.88328e-09
        57  -4.3435e-09
        58 -2.67864e-08
        59 -3.83864e-08
        60 -2.52771e-08
        61 -3.26539e-08
        62  -4.0135e-07
        63  9.22761e-08
        64  1.06688e-07
        65 -1.07449e-07
        66 -8.84749e-08
        67 -7.77086e-08
        68 -3.91174e-08
        69  1.27607e-07
        70 -9.22111e-08
        71  3.59987e-08
        72  9.27236e-09
        73  3.28703e-08
        74 -3.25063e-08
        75 -1.31165e-08
        76 -4.80446e-08
        77  4.64467e-08
        78  4.17797e-08
        79  4.83597e-09
        80 -2.95399e-08
        81 -3.72222e-08
        82   3.2995e-09
        83  3.54388e-08
        84  2.66141e-08
        85  8.73756e-08
        86  1.06054e-07
        87   2.3739e-08
        88  3.41994e-09
        89 -1.94624e-07
        90 -9.59975e-08
        91  7.98149e-08
        92  8.52163e-08
        93  4.06175e-09
        94 -8.49645e-09
        95  3.64927e-08
        96  -1.5642e-08
        97 -1.26562e-07
        98 -3.57406e-08
        99  3.80326e-08
       100  1.60744e-07
       101  6.81064e-08
       102 -1.06213e-07
       103 -1.84651e-07
       104 -3.94707e-09
       105  1.11342e-07
       106  8.48394e-08
       107  6.06185e-08
       108 -7.67523e-08
       109 -1.65255e-07
       110 -5.86578e-08
       111  1.18498e-07
       112  8.31862e-08
       113  7.80709e-08
       114 -3.41164e-08
       115 -2.68734e-08
       116 -1.44805e-07
       117 -7.56304e-08
       118  2.27926e-08
       119  1.53454e-07
       120  1.41821e-07
       121  -8.4506e-08
       122 -1.24734e-07
       123 -8.48886e-08
       124 -2.47724e-07
       125  -3.4796e-07
       126 -5.71691e-08
       127  1.90524e-07
       128  1.93679e-07
       129   1.1271e-07
       130 -1.07829e-07
       131  -1.9615e-07
       132   -2.746e-07
       133  4.91605e-09
       134  2.03185e-07
       135  1.48346e-07
       136 -3.13549e-08
       137 -7.19664e-08
       138    -1.27e-07
       139 -8.40184e-08
       140  8.86632e-09
       141  6.86594e-08
       142  1.79539e-08
       143  4.57292e-09
       144  1.95247e-08
       145  1.44106e-08
       146  1.86533e-08
       147  2.45227e-08
       148  2.78849e-08
       149  2.71885e-08
       150  2.60059e-08
       151  1.85292e-08
       152   1.3988e-08
       153  5.51278e-09
       154  1.03765e-08
       155  1.00006e-08
       156  8.07841e-09
       157  -4.3981e-09
       158  1.37407e-08
       159  1.49338e-08
       160 -2.19751e-08
       161 -1.27136e-08
       162 -2.34401e-08
       163 -2.49743e-08
       164 -7.42871e-08
       165  -1.2446e-08
       166 -5.37441e-08
       167 -5.22202e-08
       168 -3.67755e-08
       169 -3.92947e-08
       170 -4.00053e-08
       171  1.65152e-08
       172  3.08099e-08
       173  2.66442e-08
       174  2.07434e-08
       175  6.83163e-09
       176  -2.5801e-08
       177 -6.93603e-08
       178 -9.99381e-08
       179  -3.7374e-08
       180 -1.90764e-08
       181 -6.80985e-09
       182   1.6333e-08
       183  1.15508e-08
       184  8.58481e-09
       185  1.38264e-08
       186  1.25104e-08
       187  9.94871e-09
       188  1.26646e-08
       189  1.29977e-08
       190  1.75984e-08
       191  2.89547e-09
       192  8.08321e-10
       193  1.86067e-08
       194  6.27907e-08
       195  1.04908e-07
       196  -1.3755e-07
       197  1.34933e-08
       198  1.92432e-08
       199  2.13909e-08
       200 -3.67884e-09
       201 -2.78015e-09
